 
****************************************
Report : area
Design : JAM
Version: M-2016.12
Date   : Fri Jul 22 17:03:17 2022
****************************************

Library(s) Used:

    slow (File: /usr/cad/Design_Kit/CBDK_IC_Contest_v2.1/SynopsysDC/db/slow.db)

Number of ports:                           62
Number of nets:                           840
Number of cells:                          718
Number of combinational cells:            617
Number of sequential cells:               100
Number of macros/black boxes:               0
Number of buf/inv:                        123
Number of references:                      84

Combinational area:               5328.138604
Buf/Inv area:                      753.645603
Noncombinational area:            3157.163940
Macro/Black Box area:                0.000000
Net Interconnect area:          101500.512299

Total cell area:                  8485.302544
Total area:                     109985.814843
1
